2026-02-25T16:12:11.984Z - GET /api/student/me
2026-02-25T16:12:12.016Z - GET /api/student/complaints
2026-02-25T16:12:12.035Z - GET /api/student/me
2026-02-25T16:12:12.041Z - GET /api/student/complaints
2026-02-25T16:12:17.692Z - GET /api/student/me
2026-02-25T16:12:17.697Z - GET /api/auth/me
2026-02-25T16:12:17.703Z - GET /api/student/complaints
2026-02-25T16:12:17.721Z - GET /api/auth/me
2026-02-25T16:12:17.729Z - GET /api/student/me
2026-02-25T16:12:17.738Z - GET /api/student/complaints
2026-02-25T16:12:19.669Z - POST /api/auth/2fa/request-setup
2026-02-25T16:12:24.005Z - POST /api/auth/2fa/request-setup
2026-02-25T16:12:50.150Z - POST /api/auth/2fa/confirm-setup
2026-02-25T16:13:04.154Z - POST /api/auth/2fa/confirm-setup
2026-02-25T16:13:05.183Z - POST /api/auth/2fa/confirm-setup
2026-02-25T16:14:15.824Z - GET /api/student/me
2026-02-25T16:14:15.827Z - GET /api/student/complaints
2026-02-25T16:14:51.166Z - GET /api/student/me
2026-02-25T16:14:51.170Z - GET /api/student/complaints
2026-02-25T16:14:51.181Z - GET /api/student/me
2026-02-25T16:14:51.185Z - GET /api/student/complaints
2026-02-25T16:15:28.318Z - GET /api/student/me
2026-02-25T16:15:28.322Z - GET /api/auth/me
2026-02-25T16:15:28.326Z - GET /api/student/complaints
2026-02-25T16:15:28.346Z - GET /api/auth/me
2026-02-25T16:15:28.355Z - GET /api/student/me
2026-02-25T16:15:28.371Z - GET /api/student/complaints
2026-02-25T16:15:35.076Z - GET /api/student/me
2026-02-25T16:15:35.098Z - GET /api/student/me
2026-02-25T16:15:42.126Z - GET /api/menu
2026-02-25T16:15:42.222Z - GET /api/menu
2026-02-25T16:15:43.273Z - GET /api/menu
2026-02-25T16:15:43.608Z - GET /api/student/complaints
2026-02-25T16:15:43.626Z - GET /api/student/complaints
2026-02-25T16:15:45.925Z - GET /api/facilities
2026-02-25T16:15:45.964Z - GET /api/facilities
2026-02-25T16:18:32.803Z - GET /api/facilities
2026-02-25T16:18:32.814Z - GET /api/facilities
2026-02-25T16:18:45.760Z - GET /api/menu
2026-02-25T16:18:45.773Z - GET /api/menu
2026-02-25T16:18:47.054Z - GET /api/student/complaints
2026-02-25T16:18:47.062Z - GET /api/student/complaints
2026-02-25T16:18:54.834Z - GET /api/student/me
2026-02-25T16:18:54.839Z - GET /api/student/complaints
2026-02-25T16:18:54.850Z - GET /api/student/me
2026-02-25T16:18:54.855Z - GET /api/student/complaints
2026-02-25T16:18:55.973Z - GET /api/student/me
2026-02-25T16:18:55.976Z - GET /api/student/rooms/available
2026-02-25T16:18:55.986Z - GET /api/student/me
2026-02-25T16:18:56.016Z - GET /api/student/rooms/available
2026-02-25T16:18:57.523Z - GET /api/student/me
2026-02-25T16:18:57.529Z - GET /api/student/me
2026-02-25T16:19:00.214Z - GET /api/student/rooms/available
2026-02-25T16:19:00.220Z - GET /api/student/me
2026-02-25T16:19:00.230Z - GET /api/student/rooms/available
2026-02-25T16:19:00.236Z - GET /api/student/me
2026-02-25T16:19:09.158Z - GET /api/student/me
2026-02-25T16:19:09.161Z - GET /api/auth/me
2026-02-25T16:19:09.165Z - GET /api/student/complaints
2026-02-25T16:19:09.177Z - GET /api/auth/me
2026-02-25T16:19:09.182Z - GET /api/student/me
2026-02-25T16:19:09.189Z - GET /api/student/complaints
2026-02-25T16:19:17.066Z - GET /api/student/me
2026-02-25T16:19:17.071Z - GET /api/student/complaints
2026-02-25T16:19:17.085Z - GET /api/student/me
2026-02-25T16:19:17.091Z - GET /api/student/complaints
2026-02-25T16:19:31.489Z - GET /api/student/me
2026-02-25T16:19:31.494Z - GET /api/student/rooms/available
2026-02-25T16:19:31.502Z - GET /api/student/me
2026-02-25T16:19:31.505Z - GET /api/student/rooms/available
2026-02-25T16:27:45.277Z - GET /api/student/complaints
2026-02-25T16:27:45.282Z - GET /api/student/complaints
2026-02-25T16:27:46.232Z - GET /api/menu
2026-02-25T16:27:46.240Z - GET /api/menu
2026-02-25T16:27:47.461Z - GET /api/facilities
2026-02-25T16:27:47.470Z - GET /api/facilities
2026-02-25T16:37:38.834Z - GET /api/student/me
2026-02-25T16:37:38.868Z - GET /api/student/complaints
2026-02-25T16:37:39.432Z - GET /api/student/me
2026-02-25T16:37:39.454Z - GET /api/student/complaints
2026-02-25T16:37:43.468Z - GET /api/facilities
2026-02-25T16:37:43.534Z - GET /api/facilities
2026-02-25T16:37:54.892Z - GET /api/menu
2026-02-25T16:37:54.962Z - GET /api/menu
2026-02-25T16:37:56.274Z - GET /api/student/complaints
2026-02-25T16:37:56.291Z - GET /api/student/complaints
2026-02-25T16:37:57.599Z - GET /api/student/me
2026-02-25T16:37:57.609Z - GET /api/student/me
2026-02-25T16:37:58.737Z - GET /api/student/me
2026-02-25T16:37:58.749Z - GET /api/student/rooms/available
2026-02-25T16:37:58.772Z - GET /api/student/me
2026-02-25T16:37:58.824Z - GET /api/student/rooms/available
2026-02-25T16:38:01.051Z - GET /api/student/me
2026-02-25T16:38:01.054Z - GET /api/student/complaints
2026-02-25T16:38:01.069Z - GET /api/student/me
2026-02-25T16:38:01.074Z - GET /api/student/complaints
2026-02-25T16:38:04.050Z - GET /api/student/me
2026-02-25T16:38:04.059Z - GET /api/auth/me
2026-02-25T16:38:04.066Z - GET /api/student/complaints
2026-02-25T16:38:04.082Z - GET /api/auth/me
2026-02-25T16:38:04.088Z - GET /api/student/me
2026-02-25T16:38:04.098Z - GET /api/student/complaints
2026-02-25T16:38:15.966Z - PATCH /api/student/profile
2026-02-25T16:38:20.706Z - GET /api/student/me
2026-02-25T16:38:20.709Z - GET /api/student/complaints
2026-02-25T16:38:20.716Z - GET /api/student/me
2026-02-25T16:38:20.720Z - GET /api/student/complaints
2026-02-25T16:38:23.025Z - GET /api/student/me
2026-02-25T16:38:23.035Z - GET /api/student/complaints
2026-02-25T16:38:23.046Z - GET /api/auth/me
2026-02-25T16:38:23.076Z - GET /api/auth/me
2026-02-25T16:38:23.087Z - GET /api/student/me
2026-02-25T16:38:23.094Z - GET /api/student/complaints
2026-02-25T16:39:32.583Z - GET /api/student/me
2026-02-25T16:39:32.590Z - GET /api/auth/me
2026-02-25T16:39:32.595Z - GET /api/student/complaints
2026-02-25T16:39:32.614Z - GET /api/auth/me
2026-02-25T16:39:32.629Z - GET /api/student/me
2026-02-25T16:39:32.640Z - GET /api/student/complaints
2026-02-25T16:39:37.867Z - GET /api/student/me
2026-02-25T16:39:37.872Z - GET /api/student/complaints
2026-02-25T16:39:37.885Z - GET /api/student/me
2026-02-25T16:39:37.892Z - GET /api/student/complaints
2026-02-25T16:39:38.260Z - GET /api/student/me
2026-02-25T16:39:38.268Z - GET /api/student/me
2026-02-25T16:39:42.919Z - GET /api/student/me
2026-02-25T16:39:42.928Z - GET /api/auth/me
2026-02-25T16:39:42.932Z - GET /api/student/complaints
2026-02-25T16:39:42.945Z - GET /api/auth/me
2026-02-25T16:39:42.950Z - GET /api/student/me
2026-02-25T16:39:42.956Z - GET /api/student/complaints
2026-02-25T16:39:45.540Z - GET /api/student/me
2026-02-25T16:39:45.545Z - GET /api/student/complaints
2026-02-25T16:39:45.559Z - GET /api/student/me
2026-02-25T16:39:45.563Z - GET /api/student/complaints
2026-02-25T16:39:47.227Z - GET /api/student/me
2026-02-25T16:39:47.235Z - GET /api/student/me
2026-02-25T16:39:51.856Z - GET /api/student/me
2026-02-25T16:39:51.860Z - GET /api/student/complaints
2026-02-25T16:39:51.874Z - GET /api/student/me
2026-02-25T16:39:51.881Z - GET /api/student/complaints
2026-02-25T16:39:55.530Z - GET /api/student/complaints
2026-02-25T16:39:55.539Z - GET /api/student/complaints
2026-02-25T16:40:48.566Z - GET /api/student/me
2026-02-25T16:40:48.572Z - GET /api/auth/me
2026-02-25T16:40:48.577Z - GET /api/student/complaints
2026-02-25T16:40:48.593Z - GET /api/auth/me
2026-02-25T16:40:48.600Z - GET /api/student/me
2026-02-25T16:40:48.608Z - GET /api/student/complaints
2026-02-25T16:40:55.222Z - PATCH /api/student/profile
2026-02-25T16:40:56.843Z - PATCH /api/student/profile
2026-02-25T16:41:05.032Z - PATCH /api/student/profile
2026-02-25T16:41:06.442Z - PATCH /api/student/profile
2026-02-25T16:41:11.900Z - GET /api/student/me
2026-02-25T16:41:11.905Z - GET /api/auth/me
2026-02-25T16:41:11.909Z - GET /api/student/complaints
2026-02-25T16:41:11.917Z - GET /api/auth/me
2026-02-25T16:41:11.922Z - GET /api/student/me
2026-02-25T16:41:11.929Z - GET /api/student/complaints
2026-02-25T16:41:19.024Z - GET /api/student/complaints
2026-02-25T16:41:19.046Z - GET /api/student/me
2026-02-25T16:41:19.058Z - GET /api/student/complaints
2026-02-25T16:41:19.062Z - GET /api/student/me
2026-02-25T16:46:02.345Z - GET /api/student/me
2026-02-25T16:46:02.351Z - GET /api/student/complaints
2026-02-25T16:46:02.367Z - GET /api/student/me
2026-02-25T16:46:02.375Z - GET /api/student/complaints
2026-02-25T16:47:15.922Z - GET /api/student/me
2026-02-25T16:47:15.932Z - GET /api/student/complaints
2026-02-25T16:49:54.094Z - GET /api/student/me
2026-02-25T16:49:54.097Z - GET /api/auth/me
2026-02-25T16:49:54.100Z - GET /api/student/complaints
2026-02-25T16:49:54.109Z - GET /api/auth/me
2026-02-25T16:49:54.113Z - GET /api/student/me
2026-02-25T16:49:54.117Z - GET /api/student/complaints
2026-02-25T16:50:11.126Z - GET /api/menu
2026-02-25T16:50:11.134Z - GET /api/menu
2026-02-25T16:50:12.552Z - GET /api/facilities
2026-02-25T16:50:12.561Z - GET /api/facilities
2026-02-25T16:50:14.083Z - GET /api/student/complaints
2026-02-25T16:50:14.090Z - GET /api/student/complaints
2026-02-25T16:50:15.488Z - GET /api/student/me
2026-02-25T16:50:15.493Z - GET /api/student/me
2026-02-25T16:50:17.406Z - GET /api/student/me
2026-02-25T16:50:17.414Z - GET /api/student/rooms/available
2026-02-25T16:50:17.426Z - GET /api/student/me
2026-02-25T16:50:17.429Z - GET /api/student/rooms/available
2026-02-25T16:50:18.766Z - GET /api/menu
2026-02-25T16:50:18.773Z - GET /api/menu
2026-02-25T16:50:20.564Z - GET /api/student/complaints
2026-02-25T16:50:20.572Z - GET /api/student/complaints
2026-02-25T16:50:25.581Z - GET /api/student/me
2026-02-25T16:50:25.586Z - GET /api/auth/me
2026-02-25T16:50:25.591Z - GET /api/student/complaints
2026-02-25T16:50:25.598Z - GET /api/auth/me
2026-02-25T16:50:25.603Z - GET /api/student/me
2026-02-25T16:50:25.610Z - GET /api/student/complaints
2026-02-25T16:51:41.288Z - GET /api/student/complaints
2026-02-25T16:51:41.294Z - GET /api/student/complaints
2026-02-25T17:04:56.994Z - GET /api/student/complaints
2026-02-25T17:04:57.179Z - GET /api/student/complaints
2026-02-25T17:04:58.944Z - GET /api/student/complaints
2026-02-25T17:04:58.955Z - GET /api/student/me
2026-02-25T17:04:58.960Z - GET /api/auth/me
2026-02-25T17:04:58.982Z - GET /api/auth/me
2026-02-25T17:04:58.990Z - GET /api/student/complaints
2026-02-25T17:04:59.001Z - GET /api/student/me
2026-02-25T17:05:06.732Z - GET /api/student/me
2026-02-25T17:05:06.736Z - GET /api/auth/me
2026-02-25T17:05:06.741Z - GET /api/student/complaints
2026-02-25T17:05:06.751Z - GET /api/auth/me
2026-02-25T17:05:06.755Z - GET /api/student/me
2026-02-25T17:05:06.763Z - GET /api/student/complaints
2026-02-25T17:05:21.435Z - GET /api/student/me
2026-02-25T17:05:21.438Z - GET /api/auth/me
2026-02-25T17:05:21.440Z - GET /api/student/complaints
2026-02-25T17:05:21.449Z - GET /api/auth/me
2026-02-25T17:05:21.452Z - GET /api/student/me
2026-02-25T17:05:21.456Z - GET /api/student/complaints
2026-02-25T17:05:35.967Z - GET /api/student/complaints
2026-02-25T17:05:35.976Z - GET /api/student/complaints
2026-02-25T17:05:37.574Z - GET /api/student/complaints
2026-02-25T17:05:37.578Z - GET /api/student/me
2026-02-25T17:05:37.582Z - GET /api/auth/me
2026-02-25T17:05:37.594Z - GET /api/auth/me
2026-02-25T17:05:37.597Z - GET /api/student/complaints
2026-02-25T17:05:37.600Z - GET /api/student/me
2026-02-25T17:05:42.753Z - PATCH /api/auth/2fa/toggle
2026-02-25T17:05:43.356Z - POST /api/auth/2fa/request-setup
2026-02-25T17:05:43.577Z - POST /api/auth/2fa/request-setup
2026-02-25T17:05:44.157Z - POST /api/auth/2fa/request-setup
2026-02-25T17:05:53.496Z - GET /api/student/me
2026-02-25T17:05:53.500Z - GET /api/student/complaints
2026-02-25T17:05:53.509Z - GET /api/student/me
2026-02-25T17:05:53.513Z - GET /api/student/complaints
2026-02-25T17:05:56.134Z - GET /api/student/complaints
2026-02-25T17:05:56.148Z - GET /api/student/complaints
2026-02-25T17:05:58.405Z - GET /api/student/me
2026-02-25T17:05:58.408Z - GET /api/student/complaints
2026-02-25T17:05:58.411Z - GET /api/auth/me
2026-02-25T17:05:58.419Z - GET /api/auth/me
2026-02-25T17:05:58.422Z - GET /api/student/me
2026-02-25T17:05:58.425Z - GET /api/student/complaints
2026-02-25T17:06:59.862Z - GET /api/student/complaints
2026-02-25T17:07:23.427Z - GET /api/student/me
2026-02-25T17:07:23.432Z - GET /api/auth/me
2026-02-25T17:07:23.434Z - GET /api/student/complaints
2026-02-25T17:07:23.443Z - GET /api/auth/me
2026-02-25T17:07:23.449Z - GET /api/student/me
2026-02-25T17:07:23.454Z - GET /api/student/complaints
